{"/home/sotatek/Downloads/setel-test/setel-payment/src/modules/payment/payment.module.ts": {"path":"/home/sotatek/Downloads/setel-test/setel-payment/src/modules/payment/payment.module.ts","statementMap":{"0":{"start":{"line":1,"column":0},"end":{"line":1,"column":40}},"1":{"start":{"line":2,"column":0},"end":{"line":2,"column":50}},"2":{"start":{"line":3,"column":0},"end":{"line":3,"column":70}},"3":{"start":{"line":4,"column":0},"end":{"line":4,"column":51}},"4":{"start":{"line":18,"column":0},"end":{"line":18,"column":null}},"5":{"start":{"line":18,"column":13},"end":{"line":18,"column":null}},"6":{"start":{"line":18,"column":13},"end":{"line":18,"column":26}}},"fnMap":{},"branchMap":{},"s":{"0":0,"1":0,"2":0,"3":0,"4":0,"5":0,"6":0},"f":{},"b":{}}
,"/home/sotatek/Downloads/setel-test/setel-payment/src/modules/payment/payment.service.ts": {"path":"/home/sotatek/Downloads/setel-test/setel-payment/src/modules/payment/payment.service.ts","statementMap":{"0":{"start":{"line":1,"column":0},"end":{"line":1,"column":44}},"1":{"start":{"line":2,"column":0},"end":{"line":2,"column":47}},"2":{"start":{"line":3,"column":0},"end":{"line":3,"column":33}},"3":{"start":{"line":4,"column":0},"end":{"line":4,"column":59}},"4":{"start":{"line":5,"column":0},"end":{"line":5,"column":54}},"5":{"start":{"line":6,"column":0},"end":{"line":6,"column":72}},"6":{"start":{"line":9,"column":0},"end":{"line":32,"column":null}},"7":{"start":{"line":14,"column":4},"end":{"line":14,"column":24}},"8":{"start":{"line":12,"column":21},"end":{"line":12,"column":35}},"9":{"start":{"line":18,"column":4},"end":{"line":30,"column":14}},"10":{"start":{"line":9,"column":13},"end":{"line":32,"column":null}},"11":{"start":{"line":9,"column":13},"end":{"line":9,"column":27}}},"fnMap":{"0":{"name":"(anonymous_4)","decl":{"start":{"line":10,"column":2},"end":{"line":10,"column":null}},"loc":{"start":{"line":12,"column":57},"end":{"line":15,"column":3}}},"1":{"name":"(anonymous_5)","decl":{"start":{"line":17,"column":2},"end":{"line":17,"column":7}},"loc":{"start":{"line":17,"column":37},"end":{"line":31,"column":3}}}},"branchMap":{},"s":{"0":1,"1":1,"2":1,"3":1,"4":1,"5":1,"6":1,"7":1,"8":1,"9":1,"10":1,"11":1},"f":{"0":1,"1":1},"b":{}}
,"/home/sotatek/Downloads/setel-test/setel-payment/src/modules/payment/entities/payment.entity.ts": {"path":"/home/sotatek/Downloads/setel-test/setel-payment/src/modules/payment/entities/payment.entity.ts","statementMap":{"0":{"start":{"line":1,"column":0},"end":{"line":1,"column":63}},"1":{"start":{"line":2,"column":0},"end":{"line":2,"column":54}},"2":{"start":{"line":4,"column":0},"end":{"line":4,"column":37}},"3":{"start":{"line":6,"column":13},"end":{"line":6,"column":36}},"4":{"start":{"line":13,"column":0},"end":{"line":28,"column":null}},"5":{"start":{"line":17,"column":2},"end":{"line":17,"column":null}},"6":{"start":{"line":20,"column":2},"end":{"line":20,"column":null}},"7":{"start":{"line":27,"column":2},"end":{"line":27,"column":null}},"8":{"start":{"line":13,"column":13},"end":{"line":28,"column":null}},"9":{"start":{"line":13,"column":13},"end":{"line":13,"column":20}},"10":{"start":{"line":30,"column":13},"end":{"line":30,"column":67}},"11":{"start":{"line":31,"column":0},"end":{"line":33,"column":3}}},"fnMap":{},"branchMap":{},"s":{"0":1,"1":1,"2":1,"3":1,"4":1,"5":1,"6":1,"7":1,"8":1,"9":1,"10":1,"11":1},"f":{},"b":{}}
,"/home/sotatek/Downloads/setel-test/setel-payment/src/modules/webhook/order-webhook.controller.ts": {"path":"/home/sotatek/Downloads/setel-test/setel-payment/src/modules/webhook/order-webhook.controller.ts","statementMap":{"0":{"start":{"line":1,"column":0},"end":{"line":1,"column":62}},"1":{"start":{"line":2,"column":0},"end":{"line":2,"column":53}},"2":{"start":{"line":3,"column":0},"end":{"line":3,"column":55}},"3":{"start":{"line":4,"column":0},"end":{"line":4,"column":43}},"4":{"start":{"line":5,"column":0},"end":{"line":5,"column":62}},"5":{"start":{"line":9,"column":0},"end":{"line":31,"column":null}},"6":{"start":{"line":10,"column":31},"end":{"line":10,"column":52}},"7":{"start":{"line":18,"column":4},"end":{"line":18,"column":49}},"8":{"start":{"line":19,"column":4},"end":{"line":19,"column":37}},"9":{"start":{"line":28,"column":4},"end":{"line":28,"column":44}},"10":{"start":{"line":29,"column":4},"end":{"line":29,"column":37}},"11":{"start":{"line":17,"column":2},"end":{"line":20,"column":null}},"12":{"start":{"line":27,"column":2},"end":{"line":30,"column":null}},"13":{"start":{"line":9,"column":13},"end":{"line":31,"column":null}},"14":{"start":{"line":9,"column":13},"end":{"line":9,"column":35}}},"fnMap":{"0":{"name":"(anonymous_4)","decl":{"start":{"line":10,"column":2},"end":{"line":10,"column":31}},"loc":{"start":{"line":10,"column":71},"end":{"line":10,"column":75}}},"1":{"name":"(anonymous_5)","decl":{"start":{"line":17,"column":2},"end":{"line":17,"column":7}},"loc":{"start":{"line":17,"column":43},"end":{"line":20,"column":3}}},"2":{"name":"(anonymous_6)","decl":{"start":{"line":27,"column":2},"end":{"line":27,"column":7}},"loc":{"start":{"line":27,"column":42},"end":{"line":30,"column":3}}}},"branchMap":{},"s":{"0":0,"1":0,"2":0,"3":0,"4":0,"5":0,"6":0,"7":0,"8":0,"9":0,"10":0,"11":0,"12":0,"13":0,"14":0},"f":{"0":0,"1":0,"2":0},"b":{}}
,"/home/sotatek/Downloads/setel-test/setel-payment/src/modules/webhook/order-webhook.service.ts": {"path":"/home/sotatek/Downloads/setel-test/setel-payment/src/modules/webhook/order-webhook.service.ts","statementMap":{"0":{"start":{"line":1,"column":0},"end":{"line":1,"column":57}},"1":{"start":{"line":2,"column":0},"end":{"line":2,"column":54}},"2":{"start":{"line":3,"column":0},"end":{"line":3,"column":61}},"3":{"start":{"line":4,"column":0},"end":{"line":4,"column":44}},"4":{"start":{"line":6,"column":0},"end":{"line":6,"column":60}},"5":{"start":{"line":14,"column":0},"end":{"line":54,"column":null}},"6":{"start":{"line":15,"column":31},"end":{"line":15,"column":44}},"7":{"start":{"line":15,"column":74},"end":{"line":15,"column":90}},"8":{"start":{"line":18,"column":4},"end":{"line":22,"column":7}},"9":{"start":{"line":19,"column":6},"end":{"line":21,"column":15}},"10":{"start":{"line":20,"column":8},"end":{"line":20,"column":18}},"11":{"start":{"line":26,"column":4},"end":{"line":26,"column":34}},"12":{"start":{"line":27,"column":24},"end":{"line":27,"column":58}},"13":{"start":{"line":28,"column":4},"end":{"line":32,"column":18}},"14":{"start":{"line":33,"column":4},"end":{"line":48,"column":9}},"15":{"start":{"line":47,"column":8},"end":{"line":47,"column":25}},"16":{"start":{"line":52,"column":4},"end":{"line":52,"column":42}},"17":{"start":{"line":14,"column":13},"end":{"line":54,"column":null}},"18":{"start":{"line":14,"column":13},"end":{"line":14,"column":32}}},"fnMap":{"0":{"name":"(anonymous_2)","decl":{"start":{"line":15,"column":2},"end":{"line":15,"column":31}},"loc":{"start":{"line":15,"column":104},"end":{"line":15,"column":108}}},"1":{"name":"(anonymous_3)","decl":{"start":{"line":17,"column":2},"end":{"line":17,"column":7}},"loc":{"start":{"line":17,"column":33},"end":{"line":23,"column":3}}},"2":{"name":"(anonymous_4)","decl":{"start":{"line":18,"column":29},"end":{"line":18,"column":30}},"loc":{"start":{"line":18,"column":41},"end":{"line":22,"column":5}}},"3":{"name":"(anonymous_5)","decl":{"start":{"line":19,"column":17},"end":{"line":19,"column":20}},"loc":{"start":{"line":19,"column":22},"end":{"line":21,"column":7}}},"4":{"name":"(anonymous_6)","decl":{"start":{"line":25,"column":2},"end":{"line":25,"column":7}},"loc":{"start":{"line":25,"column":36},"end":{"line":49,"column":3}}},"5":{"name":"(anonymous_7)","decl":{"start":{"line":46,"column":13},"end":{"line":46,"column":14}},"loc":{"start":{"line":46,"column":19},"end":{"line":48,"column":7}}},"6":{"name":"(anonymous_8)","decl":{"start":{"line":51,"column":2},"end":{"line":51,"column":7}},"loc":{"start":{"line":51,"column":29},"end":{"line":53,"column":3}}}},"branchMap":{"0":{"loc":{"start":{"line":27,"column":46},"end":{"line":27,"column":51}},"type":"cond-expr","locations":[{"start":{"line":27,"column":46},"end":{"line":27,"column":51}},{"start":{"line":27,"column":54},"end":{"line":27,"column":58}}]},"1":{"loc":{"start":{"line":31,"column":28},"end":{"line":31,"column":48}},"type":"cond-expr","locations":[{"start":{"line":31,"column":28},"end":{"line":31,"column":48}},{"start":{"line":31,"column":51},"end":{"line":31,"column":73}}]}},"s":{"0":0,"1":0,"2":0,"3":0,"4":0,"5":0,"6":0,"7":0,"8":0,"9":0,"10":0,"11":0,"12":0,"13":0,"14":0,"15":0,"16":0,"17":0,"18":0},"f":{"0":0,"1":0,"2":0,"3":0,"4":0,"5":0,"6":0},"b":{"0":[0,0],"1":[0,0]}}
,"/home/sotatek/Downloads/setel-test/setel-payment/src/modules/webhook/webhook.module.ts": {"path":"/home/sotatek/Downloads/setel-test/setel-payment/src/modules/webhook/webhook.module.ts","statementMap":{"0":{"start":{"line":1,"column":0},"end":{"line":1,"column":52}},"1":{"start":{"line":2,"column":0},"end":{"line":2,"column":58}},"2":{"start":{"line":3,"column":0},"end":{"line":3,"column":68}},"3":{"start":{"line":4,"column":0},"end":{"line":4,"column":62}},"4":{"start":{"line":12,"column":0},"end":{"line":12,"column":null}},"5":{"start":{"line":12,"column":13},"end":{"line":12,"column":null}},"6":{"start":{"line":12,"column":13},"end":{"line":12,"column":26}}},"fnMap":{},"branchMap":{},"s":{"0":0,"1":0,"2":0,"3":0,"4":0,"5":0,"6":0},"f":{},"b":{}}
,"/home/sotatek/Downloads/setel-test/setel-payment/src/modules/webhook/dto/order.dto.ts": {"path":"/home/sotatek/Downloads/setel-test/setel-payment/src/modules/webhook/dto/order.dto.ts","statementMap":{"0":{"start":{"line":1,"column":0},"end":{"line":1,"column":46}},"1":{"start":{"line":2,"column":0},"end":{"line":2,"column":40}},"2":{"start":{"line":7,"column":2},"end":{"line":7,"column":null}},"3":{"start":{"line":11,"column":2},"end":{"line":11,"column":null}},"4":{"start":{"line":15,"column":2},"end":{"line":15,"column":null}},"5":{"start":{"line":19,"column":2},"end":{"line":19,"column":null}},"6":{"start":{"line":23,"column":2},"end":{"line":23,"column":null}},"7":{"start":{"line":27,"column":2},"end":{"line":27,"column":null}},"8":{"start":{"line":4,"column":0},"end":{"line":4,"column":13}}},"fnMap":{},"branchMap":{},"s":{"0":0,"1":0,"2":0,"3":0,"4":0,"5":0,"6":0,"7":0,"8":0},"f":{},"b":{}}
}
