TN:
SF:src/modules/auth/auth.controller.ts
FN:17,(anonymous_4)
FN:23,(anonymous_5)
FN:29,(anonymous_6)
FNF:3
FNH:1
FNDA:1,(anonymous_4)
FNDA:0,(anonymous_5)
FNDA:0,(anonymous_6)
DA:1,1
DA:2,1
DA:3,1
DA:5,1
DA:7,1
DA:8,1
DA:9,1
DA:10,1
DA:11,1
DA:16,1
DA:17,1
DA:23,1
DA:24,0
DA:29,1
DA:30,0
LF:15
LH:13
BRF:0
BRH:0
end_of_record
TN:
SF:src/modules/auth/auth.module.ts
FN:13,(anonymous_1)
FNF:1
FNH:0
FNDA:0,(anonymous_1)
DA:1,0
DA:2,0
DA:3,0
DA:4,0
DA:5,0
DA:6,0
DA:7,0
DA:8,0
DA:9,0
DA:13,0
DA:26,0
LF:11
LH:0
BRF:0
BRH:0
end_of_record
TN:
SF:src/modules/auth/auth.service.ts
FN:16,(anonymous_4)
FN:23,(anonymous_5)
FN:36,(anonymous_6)
FN:50,(anonymous_7)
FN:17,(anonymous_8)
FNF:5
FNH:5
FNDA:1,(anonymous_4)
FNDA:3,(anonymous_5)
FNDA:3,(anonymous_6)
FNDA:3,(anonymous_7)
FNDA:1,(anonymous_8)
DA:1,1
DA:2,1
DA:3,1
DA:4,1
DA:5,1
DA:6,1
DA:8,1
DA:14,1
DA:15,1
DA:17,1
DA:18,1
DA:19,1
DA:20,1
DA:24,3
DA:25,3
DA:27,2
DA:28,2
DA:29,1
DA:31,1
DA:33,1
DA:37,3
DA:38,3
DA:42,3
DA:43,3
DA:44,3
DA:51,3
DA:52,3
DA:54,1
DA:56,2
DA:57,2
DA:58,1
DA:60,1
DA:61,1
DA:65,1
LF:34
LH:34
BRDA:25,0,0,2
BRDA:25,0,1,1
BRDA:28,1,0,1
BRDA:28,1,1,1
BRDA:36,2,0,3
BRDA:57,3,0,1
BRDA:57,3,1,1
BRF:7
BRH:7
end_of_record
TN:
SF:src/modules/auth/dto/access-token-response.dto.ts
FNF:0
FNH:0
DA:1,1
DA:2,1
DA:4,1
DA:6,1
DA:8,1
LF:5
LH:5
BRF:0
BRH:0
end_of_record
TN:
SF:src/modules/auth/dto/auth.dto.ts
FNF:0
FNH:0
DA:1,1
DA:2,1
DA:4,1
DA:7,1
DA:11,1
LF:5
LH:5
BRF:0
BRH:0
end_of_record
TN:
SF:src/modules/auth/dto/login-response.dto.ts
FNF:0
FNH:0
DA:1,1
DA:2,1
DA:4,1
DA:6,1
DA:8,1
LF:5
LH:5
BRF:0
BRH:0
end_of_record
TN:
SF:src/modules/auth/dto/payload.dto.ts
FNF:0
FNH:0
DA:1,0
LF:1
LH:0
BRF:0
BRH:0
end_of_record
TN:
SF:src/modules/auth/dto/refresh-token.dto.ts
FNF:0
FNH:0
DA:1,1
DA:2,1
DA:4,1
DA:7,1
LF:4
LH:4
BRF:0
BRH:0
end_of_record
TN:
SF:src/modules/auth/strategies/jwt.strategy.ts
FN:9,(anonymous_2)
FN:16,(anonymous_3)
FNF:2
FNH:1
FNDA:1,(anonymous_2)
FNDA:0,(anonymous_3)
DA:1,1
DA:2,1
DA:3,1
DA:4,1
DA:8,1
DA:10,1
DA:17,0
LF:7
LH:6
BRF:0
BRH:0
end_of_record
TN:
SF:src/modules/auth/strategies/local.strategy.ts
FN:9,(anonymous_2)
FN:13,(anonymous_3)
FNF:2
FNH:1
FNDA:1,(anonymous_2)
FNDA:0,(anonymous_3)
DA:1,1
DA:2,1
DA:3,1
DA:4,1
DA:5,1
DA:8,1
DA:9,1
DA:10,1
DA:14,0
DA:15,0
DA:16,0
DA:17,0
DA:19,0
LF:13
LH:8
BRDA:16,0,0,0
BRDA:16,0,1,0
BRF:2
BRH:0
end_of_record
TN:
SF:src/modules/order/order.controller.ts
FN:19,(anonymous_4)
FN:23,(anonymous_5)
FN:35,(anonymous_6)
FN:51,(anonymous_7)
FN:57,(anonymous_8)
FNF:5
FNH:4
FNDA:2,(anonymous_4)
FNDA:1,(anonymous_5)
FNDA:1,(anonymous_6)
FNDA:0,(anonymous_7)
FNDA:1,(anonymous_8)
DA:1,3
DA:2,3
DA:3,3
DA:4,3
DA:6,3
DA:7,3
DA:8,3
DA:9,3
DA:10,3
DA:11,3
DA:13,3
DA:18,3
DA:19,2
DA:23,3
DA:24,1
DA:28,1
DA:29,1
DA:30,1
DA:35,3
DA:36,1
DA:46,1
DA:51,3
DA:52,0
DA:57,3
DA:58,1
LF:25
LH:24
BRF:0
BRH:0
end_of_record
TN:
SF:src/modules/order/order.module.ts
FNF:0
FNH:0
DA:1,1
DA:2,1
DA:3,1
DA:4,1
DA:5,1
DA:6,1
DA:7,1
DA:8,1
DA:9,1
DA:10,1
DA:29,1
LF:11
LH:11
BRF:0
BRH:0
end_of_record
TN:
SF:src/modules/order/order.processor.ts
FN:14,(anonymous_4)
FN:26,(anonymous_5)
FN:37,(anonymous_6)
FN:40,(anonymous_7)
FN:50,(anonymous_8)
FN:53,(anonymous_9)
FN:61,(anonymous_10)
FNF:7
FNH:1
FNDA:2,(anonymous_4)
FNDA:0,(anonymous_5)
FNDA:0,(anonymous_6)
FNDA:0,(anonymous_7)
FNDA:0,(anonymous_8)
FNDA:0,(anonymous_9)
FNDA:0,(anonymous_10)
DA:1,3
DA:2,3
DA:3,3
DA:5,3
DA:6,3
DA:7,3
DA:8,3
DA:10,3
DA:13,3
DA:16,2
DA:17,2
DA:20,2
DA:26,3
DA:27,0
DA:28,0
DA:29,0
DA:30,0
DA:31,0
DA:32,0
DA:34,0
DA:35,0
DA:38,0
DA:41,0
DA:43,0
DA:45,0
DA:51,0
DA:54,0
DA:55,0
DA:57,0
DA:61,3
DA:62,0
LF:31
LH:14
BRDA:30,0,0,0
BRDA:30,0,1,0
BRDA:30,1,0,0
BRDA:30,1,1,0
BRDA:34,2,0,0
BRDA:34,2,1,0
BRF:6
BRH:0
end_of_record
TN:
SF:src/modules/order/order.repository.ts
FN:9,(anonymous_4)
FNF:1
FNH:1
FNDA:2,(anonymous_4)
DA:1,3
DA:2,3
DA:3,3
DA:4,3
DA:5,3
DA:8,3
DA:11,2
DA:13,2
LF:8
LH:8
BRF:0
BRH:0
end_of_record
TN:
SF:src/modules/order/order.service.ts
FN:12,(anonymous_4)
FN:18,(anonymous_5)
FN:22,(anonymous_6)
FN:26,(anonymous_7)
FN:30,(anonymous_8)
FN:52,(anonymous_9)
FN:59,(anonymous_10)
FN:86,(anonymous_11)
FNF:8
FNH:6
FNDA:2,(anonymous_4)
FNDA:15,(anonymous_5)
FNDA:0,(anonymous_6)
FNDA:5,(anonymous_7)
FNDA:2,(anonymous_8)
FNDA:0,(anonymous_9)
FNDA:6,(anonymous_10)
FNDA:8,(anonymous_11)
DA:1,3
DA:2,3
DA:4,3
DA:7,3
DA:8,3
DA:11,3
DA:13,2
DA:15,2
DA:19,15
DA:23,0
DA:27,5
DA:31,2
DA:45,2
DA:46,1
DA:47,1
DA:53,0
DA:60,6
DA:61,6
DA:62,1
DA:64,5
DA:65,1
DA:67,4
DA:68,2
DA:81,2
DA:83,2
DA:87,8
DA:88,8
DA:89,1
DA:91,7
DA:92,1
DA:94,6
DA:98,6
DA:103,3
DA:106,3
DA:107,2
DA:109,1
DA:110,0
DA:112,1
LF:38
LH:35
BRDA:45,0,0,1
BRDA:45,0,1,1
BRDA:45,1,0,2
BRDA:45,1,1,1
BRDA:46,2,0,1
BRDA:46,2,1,0
BRDA:61,3,0,1
BRDA:61,3,1,5
BRDA:64,4,0,1
BRDA:64,4,1,4
BRDA:67,5,0,2
BRDA:67,5,1,2
BRDA:67,6,0,4
BRDA:67,6,1,4
BRDA:88,7,0,1
BRDA:88,7,1,7
BRDA:88,8,0,8
BRDA:88,8,1,7
BRDA:91,9,0,1
BRDA:91,9,1,6
BRDA:98,10,0,3
BRDA:98,10,1,3
BRDA:99,11,0,6
BRDA:99,11,1,5
BRDA:99,11,2,4
BRDA:106,12,0,2
BRDA:106,12,1,1
BRDA:106,13,0,3
BRDA:106,13,1,2
BRDA:109,14,0,0
BRDA:109,14,1,1
BRF:31
BRH:29
end_of_record
TN:
SF:src/modules/order/dto/create-order.dto.ts
FNF:0
FNH:0
DA:1,3
DA:2,3
DA:4,3
LF:3
LH:3
BRF:0
BRH:0
end_of_record
TN:
SF:src/modules/order/dto/updatre-order.dto.ts
FNF:0
FNH:0
DA:1,3
DA:2,3
DA:4,3
LF:3
LH:3
BRF:0
BRH:0
end_of_record
TN:
SF:src/modules/order/entities/order.entity.ts
FNF:0
FNH:0
DA:1,3
DA:2,3
DA:3,3
DA:4,3
DA:6,3
DA:7,3
DA:9,3
DA:18,3
DA:28,3
DA:38,3
DA:47,3
DA:55,3
DA:65,3
DA:68,3
LF:14
LH:14
BRF:0
BRH:0
end_of_record
TN:
SF:src/modules/tool/auth-tool/auth-tool.module.ts
FNF:0
FNH:0
DA:1,0
DA:2,0
DA:9,0
LF:3
LH:0
BRF:0
BRH:0
end_of_record
TN:
SF:src/modules/tool/auth-tool/auth-tool.service.ts
FN:8,(anonymous_4)
FN:12,(anonymous_5)
FN:18,(anonymous_6)
FN:22,(anonymous_7)
FN:26,(anonymous_8)
FN:27,(anonymous_9)
FNF:6
FNH:1
FNDA:1,(anonymous_4)
FNDA:0,(anonymous_5)
FNDA:0,(anonymous_6)
FNDA:0,(anonymous_7)
FNDA:0,(anonymous_8)
FNDA:0,(anonymous_9)
DA:1,1
DA:2,1
DA:4,1
DA:7,1
DA:10,1
DA:13,0
DA:14,0
DA:16,0
DA:19,0
DA:23,0
DA:27,0
DA:28,0
LF:12
LH:5
BRDA:12,0,0,0
BRDA:16,1,0,0
BRDA:16,1,1,0
BRDA:22,2,0,0
BRDA:28,3,0,0
BRDA:28,3,1,0
BRF:6
BRH:0
end_of_record
TN:
SF:src/modules/tool/redis-tool/redis-tool.module.ts
FNF:0
FNH:0
DA:1,0
DA:2,0
DA:9,0
LF:3
LH:0
BRF:0
BRH:0
end_of_record
TN:
SF:src/modules/tool/redis-tool/redis-tool.provider.ts
FN:8,(anonymous_0)
FNF:1
FNH:1
FNDA:1,(anonymous_0)
DA:2,1
DA:3,1
DA:5,1
DA:6,1
DA:9,1
LF:5
LH:5
BRF:0
BRH:0
end_of_record
TN:
SF:src/modules/users/users.controller.ts
FN:17,(anonymous_4)
FN:22,(anonymous_5)
FN:29,(anonymous_6)
FNF:3
FNH:3
FNDA:3,(anonymous_4)
FNDA:1,(anonymous_5)
FNDA:1,(anonymous_6)
DA:1,3
DA:2,3
DA:3,3
DA:4,3
DA:5,3
DA:6,3
DA:7,3
DA:8,3
DA:9,3
DA:11,3
DA:16,3
DA:17,3
DA:22,3
DA:23,1
DA:24,1
DA:29,3
DA:30,1
LF:17
LH:17
BRF:0
BRH:0
end_of_record
TN:
SF:src/modules/users/users.entities.ts
FN:133,save
FN:148,comparePassword
FNF:2
FNH:2
FNDA:17,save
FNDA:2,comparePassword
DA:1,6
DA:2,6
DA:3,6
DA:4,6
DA:6,6
DA:7,6
DA:8,6
DA:9,6
DA:11,6
DA:19,6
DA:29,6
DA:40,6
DA:51,6
DA:57,6
DA:63,6
DA:76,6
DA:87,6
DA:98,6
DA:105,6
DA:111,6
DA:114,6
DA:117,6
DA:122,6
DA:127,6
DA:129,6
DA:130,6
DA:131,6
DA:133,6
DA:134,17
DA:135,17
DA:136,17
DA:137,17
DA:138,17
DA:139,17
DA:140,17
DA:142,17
DA:143,0
DA:144,0
DA:148,6
DA:149,2
LF:40
LH:38
BRDA:138,0,0,17
BRDA:138,0,1,0
BRDA:140,1,0,17
BRDA:140,1,1,0
BRDA:142,2,0,0
BRDA:142,2,1,17
BRDA:144,3,0,0
BRDA:144,3,1,0
BRF:8
BRH:3
end_of_record
TN:
SF:src/modules/users/users.module.ts
FNF:0
FNH:0
DA:1,1
DA:2,1
DA:3,1
DA:4,1
DA:5,1
DA:6,1
DA:14,1
LF:7
LH:7
BRF:0
BRH:0
end_of_record
TN:
SF:src/modules/users/users.repository.ts
FN:10,(anonymous_4)
FN:17,(anonymous_5)
FN:27,(anonymous_6)
FN:31,(anonymous_7)
FN:35,(anonymous_8)
FN:43,(anonymous_9)
FNF:6
FNH:4
FNDA:3,(anonymous_4)
FNDA:1,(anonymous_5)
FNDA:3,(anonymous_6)
FNDA:0,(anonymous_7)
FNDA:5,(anonymous_8)
FNDA:0,(anonymous_9)
DA:1,3
DA:2,3
DA:3,3
DA:4,3
DA:6,3
DA:9,3
DA:12,3
DA:14,3
DA:18,1
DA:28,3
DA:32,0
DA:36,5
DA:44,0
LF:13
LH:11
BRDA:17,0,0,0
BRF:1
BRH:0
end_of_record
TN:
SF:src/modules/users/users.service.ts
FN:12,(anonymous_2)
FN:16,(anonymous_3)
FN:25,(anonymous_4)
FN:29,(anonymous_5)
FN:33,(anonymous_6)
FN:37,(anonymous_7)
FN:41,(anonymous_8)
FN:48,(anonymous_9)
FN:51,(anonymous_10)
FNF:9
FNH:9
FNDA:3,(anonymous_2)
FNDA:17,(anonymous_3)
FNDA:1,(anonymous_4)
FNDA:2,(anonymous_5)
FNDA:3,(anonymous_6)
FNDA:5,(anonymous_7)
FNDA:17,(anonymous_8)
FNDA:16,(anonymous_9)
FNDA:1,(anonymous_10)
DA:1,3
DA:2,3
DA:5,3
DA:8,3
DA:11,3
DA:12,3
DA:13,3
DA:17,17
DA:26,1
DA:30,2
DA:34,3
DA:38,5
DA:42,17
DA:43,0
DA:45,17
DA:46,17
DA:49,16
DA:52,1
DA:53,1
DA:54,0
DA:56,0
LF:21
LH:18
BRDA:18,0,0,17
BRDA:18,0,1,0
BRDA:25,1,0,0
BRDA:42,2,0,0
BRDA:42,2,1,17
BRDA:52,3,0,1
BRDA:52,3,1,0
BRF:7
BRH:3
end_of_record
TN:
SF:src/modules/users/constants/users.constant.ts
FNF:0
FNH:0
DA:1,6
LF:1
LH:1
BRF:0
BRH:0
end_of_record
TN:
SF:src/modules/users/dto/create-user.dto.ts
FNF:0
FNH:0
DA:1,0
DA:2,0
DA:4,0
LF:3
LH:0
BRF:0
BRH:0
end_of_record
TN:
SF:src/modules/users/dto/get-user.dto.ts
FNF:0
FNH:0
DA:1,3
DA:2,3
DA:4,3
LF:3
LH:3
BRF:0
BRH:0
end_of_record
TN:
SF:src/modules/users/dto/register-user.dto.ts
FNF:0
FNH:0
DA:1,3
DA:2,3
DA:4,3
LF:3
LH:3
BRF:0
BRH:0
end_of_record
TN:
SF:src/modules/users/dto/update-my-user.dto.ts
FNF:0
FNH:0
DA:1,0
DA:2,0
DA:4,0
LF:3
LH:0
BRF:0
BRH:0
end_of_record
TN:
SF:src/modules/users/dto/update-user.dto.ts
FNF:0
FNH:0
DA:1,0
DA:2,0
DA:4,0
LF:3
LH:0
BRF:0
BRH:0
end_of_record
TN:
SF:src/modules/webhook/payment-webhook.controller.ts
FN:14,(anonymous_4)
FN:21,(anonymous_5)
FNF:2
FNH:0
FNDA:0,(anonymous_4)
FNDA:0,(anonymous_5)
DA:1,1
DA:2,1
DA:3,1
DA:4,1
DA:5,1
DA:13,1
DA:14,0
DA:21,1
DA:22,0
DA:23,0
DA:24,0
DA:25,0
LF:12
LH:7
BRDA:23,0,0,0
BRDA:23,0,1,0
BRF:2
BRH:0
end_of_record
TN:
SF:src/modules/webhook/payment-webhook.service.ts
FN:8,(anonymous_2)
FN:10,(anonymous_3)
FN:21,(anonymous_4)
FN:26,(anonymous_5)
FNF:4
FNH:1
FNDA:4,(anonymous_2)
FNDA:0,(anonymous_3)
FNDA:0,(anonymous_4)
FNDA:0,(anonymous_5)
DA:1,3
DA:2,3
DA:3,3
DA:7,3
DA:8,4
DA:11,0
DA:22,0
DA:27,0
LF:8
LH:5
BRF:0
BRH:0
end_of_record
TN:
SF:src/modules/webhook/webhook.module.ts
FNF:0
FNH:0
DA:1,0
DA:2,0
DA:3,0
DA:4,0
DA:5,0
DA:6,0
DA:13,0
LF:7
LH:0
BRF:0
BRH:0
end_of_record
